# JRE version: OpenJDK Runtime Environment Temurin-21.0.3+9 (21.0.3+9) (build 21.0.3+9-LTS)
# Java VM: OpenJDK 64-Bit Server VM Temurin-21.0.3+9 (21.0.3+9-LTS, mixed mode, emulated-client, tiered, compressed oops, compressed class ptrs, g1 gc, windows-amd64)
GC Precious Log:
 CardTable entry size: 512
 Card Set container configuration: InlinePtr #cards 4 size 8 Array Of Cards #cards 16 size 48 Howl #buckets 8 coarsen threshold 3686 Howl Bitmap #cards 512 size 80 coarsen threshold 460 Card regions per heap region 1 cards per card region 4096
 CPUs: 12 total, 12 available
 Memory: 10101M
 Large Page Support: Disabled
 NUMA Support: Disabled
 Compressed Oops: Enabled (Zero based)
 Heap Region Size: 2M
 Heap Min Capacity: 8M
 Heap Initial Capacity: 158M
 Heap Max Capacity: 2526M
 Pre-touch: Disabled
 Parallel Workers: 10
 Concurrent Workers: 3
 Concurrent Refinement Workers: 10
 Periodic GC: Disabled
Heap:
 garbage-first heap   total 61440K, used 33288K [0x0000000762200000, 0x0000000800000000)
  region size 2048K, 2 young (4096K), 1 survivors (2048K)
 Metaspace       used 75590K, committed 76416K, reserved 1179648K
  class space    used 10276K, committed 10624K, reserved 1048576K
GC Heap History (20 events):
Event: 8.780 GC heap before
{Heap before GC invocations=13 (full 0):
 garbage-first heap   total 59392K, used 47288K [0x0000000762200000, 0x0000000800000000)
  region size 2048K, 14 young (28672K), 1 survivors (2048K)
 Metaspace       used 56363K, committed 57024K, reserved 1114112K
  class space    used 7305K, committed 7616K, reserved 1048576K
}
Event: 8.785 GC heap after
{Heap after GC invocations=14 (full 0):
 garbage-first heap   total 59392K, used 25377K [0x0000000762200000, 0x0000000800000000)
  region size 2048K, 2 young (4096K), 2 survivors (4096K)
 Metaspace       used 56363K, committed 57024K, reserved 1114112K
  class space    used 7305K, committed 7616K, reserved 1048576K
}
Event: 9.106 GC heap before
{Heap before GC invocations=14 (full 0):
 garbage-first heap   total 59392K, used 31521K [0x0000000762200000, 0x0000000800000000)
  region size 2048K, 6 young (12288K), 2 survivors (4096K)
 Metaspace       used 59436K, committed 60096K, reserved 1114112K
  class space    used 7786K, committed 8064K, reserved 1048576K
}
Event: 9.111 GC heap after
{Heap after GC invocations=15 (full 0):
 garbage-first heap   total 59392K, used 26108K [0x0000000762200000, 0x0000000800000000)
  region size 2048K, 1 young (2048K), 1 survivors (2048K)
 Metaspace       used 59436K, committed 60096K, reserved 1114112K
  class space    used 7786K, committed 8064K, reserved 1048576K
}
Event: 10.093 GC heap before
{Heap before GC invocations=16 (full 0):
 garbage-first heap   total 59392K, used 48636K [0x0000000762200000, 0x0000000800000000)
  region size 2048K, 13 young (26624K), 1 survivors (2048K)
 Metaspace       used 64995K, committed 65728K, reserved 1114112K
  class space    used 8705K, committed 9024K, reserved 1048576K
}
Event: 10.096 GC heap after
{Heap after GC invocations=17 (full 0):
 garbage-first heap   total 59392K, used 26741K [0x0000000762200000, 0x0000000800000000)
  region size 2048K, 1 young (2048K), 1 survivors (2048K)
 Metaspace       used 64995K, committed 65728K, reserved 1114112K
  class space    used 8705K, committed 9024K, reserved 1048576K
}
Event: 11.017 GC heap before
{Heap before GC invocations=17 (full 0):
 garbage-first heap   total 59392K, used 51317K [0x0000000762200000, 0x0000000800000000)
  region size 2048K, 13 young (26624K), 1 survivors (2048K)
 Metaspace       used 70144K, committed 70848K, reserved 1114112K
  class space    used 9400K, committed 9728K, reserved 1048576K
}
Event: 11.027 GC heap after
{Heap after GC invocations=18 (full 0):
 garbage-first heap   total 59392K, used 28120K [0x0000000762200000, 0x0000000800000000)
  region size 2048K, 2 young (4096K), 2 survivors (4096K)
 Metaspace       used 70144K, committed 70848K, reserved 1114112K
  class space    used 9400K, committed 9728K, reserved 1048576K
}
Event: 11.792 GC heap before
{Heap before GC invocations=18 (full 0):
 garbage-first heap   total 59392K, used 48600K [0x0000000762200000, 0x0000000800000000)
  region size 2048K, 12 young (24576K), 2 survivors (4096K)
 Metaspace       used 71260K, committed 72064K, reserved 1114112K
  class space    used 9580K, committed 9920K, reserved 1048576K
}
Event: 11.798 GC heap after
{Heap after GC invocations=19 (full 0):
 garbage-first heap   total 59392K, used 29746K [0x0000000762200000, 0x0000000800000000)
  region size 2048K, 2 young (4096K), 2 survivors (4096K)
 Metaspace       used 71260K, committed 72064K, reserved 1114112K
  class space    used 9580K, committed 9920K, reserved 1048576K
}
Event: 12.507 GC heap before
{Heap before GC invocations=19 (full 0):
 garbage-first heap   total 59392K, used 48178K [0x0000000762200000, 0x0000000800000000)
  region size 2048K, 12 young (24576K), 2 survivors (4096K)
 Metaspace       used 73275K, committed 73984K, reserved 1114112K
  class space    used 9867K, committed 10176K, reserved 1048576K
}
Event: 12.512 GC heap after
{Heap after GC invocations=20 (full 0):
 garbage-first heap   total 59392K, used 31455K [0x0000000762200000, 0x0000000800000000)
  region size 2048K, 2 young (4096K), 2 survivors (4096K)
 Metaspace       used 73275K, committed 73984K, reserved 1114112K
  class space    used 9867K, committed 10176K, reserved 1048576K
}
Event: 13.051 GC heap before
{Heap before GC invocations=20 (full 0):
 garbage-first heap   total 59392K, used 49887K [0x0000000762200000, 0x0000000800000000)
  region size 2048K, 11 young (22528K), 2 survivors (4096K)
 Metaspace       used 74701K, committed 75456K, reserved 1179648K
  class space    used 10081K, committed 10432K, reserved 1048576K
}
Event: 13.057 GC heap after
{Heap after GC invocations=21 (full 0):
 garbage-first heap   total 59392K, used 32821K [0x0000000762200000, 0x0000000800000000)
  region size 2048K, 2 young (4096K), 2 survivors (4096K)
 Metaspace       used 74701K, committed 75456K, reserved 1179648K
  class space    used 10081K, committed 10432K, reserved 1048576K
}
Event: 73.597 GC heap before
{Heap before GC invocations=22 (full 0):
 garbage-first heap   total 61440K, used 49205K [0x0000000762200000, 0x0000000800000000)
  region size 2048K, 10 young (20480K), 2 survivors (4096K)
 Metaspace       used 75589K, committed 76416K, reserved 1179648K
  class space    used 10276K, committed 10624K, reserved 1048576K
}
Event: 73.608 GC heap after
{Heap after GC invocations=23 (full 0):
 garbage-first heap   total 61440K, used 33901K [0x0000000762200000, 0x0000000800000000)
  region size 2048K, 2 young (4096K), 2 survivors (4096K)
 Metaspace       used 75589K, committed 76416K, reserved 1179648K
  class space    used 10276K, committed 10624K, reserved 1048576K
}
Event: 382.991 GC heap before
{Heap before GC invocations=23 (full 0):
 garbage-first heap   total 61440K, used 50285K [0x0000000762200000, 0x0000000800000000)
  region size 2048K, 10 young (20480K), 2 survivors (4096K)
 Metaspace       used 75590K, committed 76416K, reserved 1179648K
  class space    used 10276K, committed 10624K, reserved 1048576K
}
Event: 382.998 GC heap after
{Heap after GC invocations=24 (full 0):
 garbage-first heap   total 61440K, used 33430K [0x0000000762200000, 0x0000000800000000)
  region size 2048K, 1 young (2048K), 1 survivors (2048K)
 Metaspace       used 75590K, committed 76416K, reserved 1179648K
  class space    used 10276K, committed 10624K, reserved 1048576K
}
Event: 774.508 GC heap before
{Heap before GC invocations=24 (full 0):
 garbage-first heap   total 61440K, used 53910K [0x0000000762200000, 0x0000000800000000)
  region size 2048K, 11 young (22528K), 1 survivors (2048K)
 Metaspace       used 75590K, committed 76416K, reserved 1179648K
  class space    used 10276K, committed 10624K, reserved 1048576K
}
Event: 774.513 GC heap after
{Heap after GC invocations=25 (full 0):
 garbage-first heap   total 61440K, used 33288K [0x0000000762200000, 0x0000000800000000)
  region size 2048K, 1 young (2048K), 1 survivors (2048K)
 Metaspace       used 75590K, committed 76416K, reserved 1179648K
  class space    used 10276K, committed 10624K, reserved 1048576K
}

